<?xml version="1.0" encoding="UTF-8"?>
<testng-results skipped="0" failed="3" ignored="0" total="3" passed="0">
  <reporter-output>
  </reporter-output>
  <suite name="Default suite" duration-ms="11338" started-at="2018-10-23T13:20:17Z" finished-at="2018-10-23T13:20:28Z">
    <groups>
    </groups>
    <test name="Default test" duration-ms="11338" started-at="2018-10-23T13:20:17Z" finished-at="2018-10-23T13:20:28Z">
      <class name="tests.rest.TC003_CreateChangeRequest">
        <test-method status="PASS" signature="beforeSuite()[pri:0, instance:tests.rest.TC003_CreateChangeRequest@5ec0a365]" name="beforeSuite" is-config="true" duration-ms="3430" started-at="2018-10-23T13:20:14Z" finished-at="2018-10-23T13:20:17Z">
          <reporter-output>
          </reporter-output>
        </test-method> <!-- beforeSuite -->
        <test-method status="PASS" signature="setValues()[pri:0, instance:tests.rest.TC003_CreateChangeRequest@5ec0a365]" name="setValues" is-config="true" duration-ms="0" started-at="2018-10-23T13:20:17Z" finished-at="2018-10-23T13:20:17Z">
          <reporter-output>
          </reporter-output>
        </test-method> <!-- setValues -->
        <test-method status="PASS" signature="beforeClass()[pri:0, instance:tests.rest.TC003_CreateChangeRequest@5ec0a365]" name="beforeClass" is-config="true" duration-ms="3" started-at="2018-10-23T13:20:17Z" finished-at="2018-10-23T13:20:17Z">
          <reporter-output>
          </reporter-output>
        </test-method> <!-- beforeClass -->
        <test-method status="PASS" signature="beforeMethod()[pri:0, instance:tests.rest.TC003_CreateChangeRequest@5ec0a365]" name="beforeMethod" is-config="true" duration-ms="11" started-at="2018-10-23T13:20:19Z" finished-at="2018-10-23T13:20:19Z">
          <reporter-output>
          </reporter-output>
        </test-method> <!-- beforeMethod -->
        <test-method status="FAIL" signature="createIncident(java.lang.String)[pri:0, instance:tests.rest.TC003_CreateChangeRequest@5ec0a365]" name="createIncident" duration-ms="6236" started-at="2018-10-23T13:20:19Z" data-provider="fetchData" finished-at="2018-10-23T13:20:25Z">
          <params>
            <param index="0">
              <value>
                <![CDATA[Automated Description]]>
              </value>
            </param>
          </params>
          <exception class="java.lang.RuntimeException">
            <full-stacktrace>
              <![CDATA[java.lang.RuntimeException
at lib.utils.HTMLReporter.reportRequest(HTMLReporter.java:94)
at lib.rest.RESTAssuredBase.verifyContentType(RESTAssuredBase.java:143)
at tests.rest.TC003_CreateChangeRequest.createIncident(TC003_CreateChangeRequest.java:37)
at sun.reflect.NativeMethodAccessorImpl.invoke0(Native Method)
at sun.reflect.NativeMethodAccessorImpl.invoke(Unknown Source)
at sun.reflect.DelegatingMethodAccessorImpl.invoke(Unknown Source)
at java.lang.reflect.Method.invoke(Unknown Source)
at org.testng.internal.MethodInvocationHelper.invokeMethod(MethodInvocationHelper.java:124)
at org.testng.internal.Invoker.invokeMethod(Invoker.java:580)
at org.testng.internal.Invoker.invokeTestMethod(Invoker.java:716)
at org.testng.internal.Invoker.invokeTestMethods(Invoker.java:988)
at org.testng.internal.TestMethodWorker.invokeTestMethods(TestMethodWorker.java:125)
at org.testng.internal.TestMethodWorker.run(TestMethodWorker.java:109)
at org.testng.TestRunner.privateRun(TestRunner.java:648)
at org.testng.TestRunner.run(TestRunner.java:505)
at org.testng.SuiteRunner.runTest(SuiteRunner.java:455)
at org.testng.SuiteRunner.runSequentially(SuiteRunner.java:450)
at org.testng.SuiteRunner.privateRun(SuiteRunner.java:415)
at org.testng.SuiteRunner.run(SuiteRunner.java:364)
at org.testng.SuiteRunnerWorker.runSuite(SuiteRunnerWorker.java:52)
at org.testng.SuiteRunnerWorker.run(SuiteRunnerWorker.java:84)
at org.testng.TestNG.runSuitesSequentially(TestNG.java:1208)
at org.testng.TestNG.runSuitesLocally(TestNG.java:1137)
at org.testng.TestNG.runSuites(TestNG.java:1049)
at org.testng.TestNG.run(TestNG.java:1017)
at org.testng.remote.AbstractRemoteTestNG.run(AbstractRemoteTestNG.java:114)
at org.testng.remote.RemoteTestNG.initAndRun(RemoteTestNG.java:251)
at org.testng.remote.RemoteTestNG.main(RemoteTestNG.java:77)
]]>
            </full-stacktrace>
          </exception> <!-- java.lang.RuntimeException -->
          <reporter-output>
          </reporter-output>
        </test-method> <!-- createIncident -->
        <test-method status="PASS" signature="afterMethod()[pri:0, instance:tests.rest.TC003_CreateChangeRequest@5ec0a365]" name="afterMethod" is-config="true" duration-ms="1" started-at="2018-10-23T13:20:25Z" finished-at="2018-10-23T13:20:25Z">
          <reporter-output>
          </reporter-output>
        </test-method> <!-- afterMethod -->
        <test-method status="PASS" signature="beforeMethod()[pri:0, instance:tests.rest.TC003_CreateChangeRequest@5ec0a365]" name="beforeMethod" is-config="true" duration-ms="16" started-at="2018-10-23T13:20:25Z" finished-at="2018-10-23T13:20:25Z">
          <reporter-output>
          </reporter-output>
        </test-method> <!-- beforeMethod -->
        <test-method status="FAIL" signature="createIncident(java.lang.String)[pri:0, instance:tests.rest.TC003_CreateChangeRequest@5ec0a365]" name="createIncident" duration-ms="1799" started-at="2018-10-23T13:20:25Z" data-provider="fetchData" finished-at="2018-10-23T13:20:27Z">
          <params>
            <param index="0">
              <value>
                <![CDATA[Automated Description Rest Assured]]>
              </value>
            </param>
          </params>
          <exception class="java.lang.RuntimeException">
            <full-stacktrace>
              <![CDATA[java.lang.RuntimeException
at lib.utils.HTMLReporter.reportRequest(HTMLReporter.java:94)
at lib.rest.RESTAssuredBase.verifyContentType(RESTAssuredBase.java:143)
at tests.rest.TC003_CreateChangeRequest.createIncident(TC003_CreateChangeRequest.java:37)
at sun.reflect.NativeMethodAccessorImpl.invoke0(Native Method)
at sun.reflect.NativeMethodAccessorImpl.invoke(Unknown Source)
at sun.reflect.DelegatingMethodAccessorImpl.invoke(Unknown Source)
at java.lang.reflect.Method.invoke(Unknown Source)
at org.testng.internal.MethodInvocationHelper.invokeMethod(MethodInvocationHelper.java:124)
at org.testng.internal.Invoker.invokeMethod(Invoker.java:580)
at org.testng.internal.Invoker.invokeTestMethod(Invoker.java:716)
at org.testng.internal.Invoker.invokeTestMethods(Invoker.java:988)
at org.testng.internal.TestMethodWorker.invokeTestMethods(TestMethodWorker.java:125)
at org.testng.internal.TestMethodWorker.run(TestMethodWorker.java:109)
at org.testng.TestRunner.privateRun(TestRunner.java:648)
at org.testng.TestRunner.run(TestRunner.java:505)
at org.testng.SuiteRunner.runTest(SuiteRunner.java:455)
at org.testng.SuiteRunner.runSequentially(SuiteRunner.java:450)
at org.testng.SuiteRunner.privateRun(SuiteRunner.java:415)
at org.testng.SuiteRunner.run(SuiteRunner.java:364)
at org.testng.SuiteRunnerWorker.runSuite(SuiteRunnerWorker.java:52)
at org.testng.SuiteRunnerWorker.run(SuiteRunnerWorker.java:84)
at org.testng.TestNG.runSuitesSequentially(TestNG.java:1208)
at org.testng.TestNG.runSuitesLocally(TestNG.java:1137)
at org.testng.TestNG.runSuites(TestNG.java:1049)
at org.testng.TestNG.run(TestNG.java:1017)
at org.testng.remote.AbstractRemoteTestNG.run(AbstractRemoteTestNG.java:114)
at org.testng.remote.RemoteTestNG.initAndRun(RemoteTestNG.java:251)
at org.testng.remote.RemoteTestNG.main(RemoteTestNG.java:77)
]]>
            </full-stacktrace>
          </exception> <!-- java.lang.RuntimeException -->
          <reporter-output>
          </reporter-output>
        </test-method> <!-- createIncident -->
        <test-method status="PASS" signature="afterMethod()[pri:0, instance:tests.rest.TC003_CreateChangeRequest@5ec0a365]" name="afterMethod" is-config="true" duration-ms="0" started-at="2018-10-23T13:20:27Z" finished-at="2018-10-23T13:20:27Z">
          <reporter-output>
          </reporter-output>
        </test-method> <!-- afterMethod -->
        <test-method status="PASS" signature="beforeMethod()[pri:0, instance:tests.rest.TC003_CreateChangeRequest@5ec0a365]" name="beforeMethod" is-config="true" duration-ms="1" started-at="2018-10-23T13:20:27Z" finished-at="2018-10-23T13:20:27Z">
          <reporter-output>
          </reporter-output>
        </test-method> <!-- beforeMethod -->
        <test-method status="FAIL" signature="createIncident(java.lang.String)[pri:0, instance:tests.rest.TC003_CreateChangeRequest@5ec0a365]" name="createIncident" duration-ms="1646" started-at="2018-10-23T13:20:27Z" data-provider="fetchData" finished-at="2018-10-23T13:20:28Z">
          <params>
            <param index="0">
              <value>
                <![CDATA[Automated Description Makaia]]>
              </value>
            </param>
          </params>
          <exception class="java.lang.RuntimeException">
            <full-stacktrace>
              <![CDATA[java.lang.RuntimeException
at lib.utils.HTMLReporter.reportRequest(HTMLReporter.java:94)
at lib.rest.RESTAssuredBase.verifyContentType(RESTAssuredBase.java:143)
at tests.rest.TC003_CreateChangeRequest.createIncident(TC003_CreateChangeRequest.java:37)
at sun.reflect.NativeMethodAccessorImpl.invoke0(Native Method)
at sun.reflect.NativeMethodAccessorImpl.invoke(Unknown Source)
at sun.reflect.DelegatingMethodAccessorImpl.invoke(Unknown Source)
at java.lang.reflect.Method.invoke(Unknown Source)
at org.testng.internal.MethodInvocationHelper.invokeMethod(MethodInvocationHelper.java:124)
at org.testng.internal.Invoker.invokeMethod(Invoker.java:580)
at org.testng.internal.Invoker.invokeTestMethod(Invoker.java:716)
at org.testng.internal.Invoker.invokeTestMethods(Invoker.java:988)
at org.testng.internal.TestMethodWorker.invokeTestMethods(TestMethodWorker.java:125)
at org.testng.internal.TestMethodWorker.run(TestMethodWorker.java:109)
at org.testng.TestRunner.privateRun(TestRunner.java:648)
at org.testng.TestRunner.run(TestRunner.java:505)
at org.testng.SuiteRunner.runTest(SuiteRunner.java:455)
at org.testng.SuiteRunner.runSequentially(SuiteRunner.java:450)
at org.testng.SuiteRunner.privateRun(SuiteRunner.java:415)
at org.testng.SuiteRunner.run(SuiteRunner.java:364)
at org.testng.SuiteRunnerWorker.runSuite(SuiteRunnerWorker.java:52)
at org.testng.SuiteRunnerWorker.run(SuiteRunnerWorker.java:84)
at org.testng.TestNG.runSuitesSequentially(TestNG.java:1208)
at org.testng.TestNG.runSuitesLocally(TestNG.java:1137)
at org.testng.TestNG.runSuites(TestNG.java:1049)
at org.testng.TestNG.run(TestNG.java:1017)
at org.testng.remote.AbstractRemoteTestNG.run(AbstractRemoteTestNG.java:114)
at org.testng.remote.RemoteTestNG.initAndRun(RemoteTestNG.java:251)
at org.testng.remote.RemoteTestNG.main(RemoteTestNG.java:77)
]]>
            </full-stacktrace>
          </exception> <!-- java.lang.RuntimeException -->
          <reporter-output>
          </reporter-output>
        </test-method> <!-- createIncident -->
        <test-method status="PASS" signature="afterMethod()[pri:0, instance:tests.rest.TC003_CreateChangeRequest@5ec0a365]" name="afterMethod" is-config="true" duration-ms="0" started-at="2018-10-23T13:20:28Z" finished-at="2018-10-23T13:20:28Z">
          <reporter-output>
          </reporter-output>
        </test-method> <!-- afterMethod -->
        <test-method status="PASS" signature="afterSuite()[pri:0, instance:tests.rest.TC003_CreateChangeRequest@5ec0a365]" name="afterSuite" is-config="true" duration-ms="2375" started-at="2018-10-23T13:20:29Z" finished-at="2018-10-23T13:20:31Z">
          <reporter-output>
          </reporter-output>
        </test-method> <!-- afterSuite -->
      </class> <!-- tests.rest.TC003_CreateChangeRequest -->
    </test> <!-- Default test -->
  </suite> <!-- Default suite -->
</testng-results>
