<?xml version="1.0" encoding="UTF-8"?>
<!-- Generated by org.testng.reporters.JUnitXMLReporter -->
<testsuite hostname="SUCCESS" ignored="2" name="Test" tests="2" failures="1" timestamp="14 Oct 2018 06:24:09 GMT" time="18.991" errors="0">
  <testcase name="createIncident" time="12.565" classname="tests.rest.TC002_DeleteFirstIncident">
    <failure type="java.lang.RuntimeException">
      <![CDATA[java.lang.RuntimeException
at lib.utils.HTMLReporter.reportRequest(HTMLReporter.java:94)
at lib.rest.RESTAssuredBase.verifyResponseTime(RESTAssuredBase.java:158)
at tests.rest.TC002_DeleteFirstIncident.createIncident(TC002_DeleteFirstIncident.java:40)
... Removed 25 stack frames]]>
    </failure>
  </testcase> <!-- createIncident -->
  <testcase name="createIncident" time="6.213" classname="tests.rest.TC001_CreateIncident"/>
  <testcase name="@BeforeSuite beforeSuite" time="0.0" classname="lib.rest.PreAndTest">
    <ignored/>
  </testcase> <!-- @BeforeSuite beforeSuite -->
  <testcase name="@AfterSuite afterSuite" time="0.0" classname="lib.rest.PreAndTest">
    <ignored/>
  </testcase> <!-- @AfterSuite afterSuite -->
</testsuite> <!-- Test -->
